[35m[Appium][39m Welcome to Appium v1.22.3
[35m[Appium][39m Non-default server args:
[35m[Appium][39m   port: 54715
[35m[Appium][39m   loglevel: info
[35m[Appium][39m   tmpDir: C:\Users\fauza\AppData\Local\Temp\\Katalon\Appium\Temp1671362583864
[35m[Appium][39m   chromedriverPort: 54720
[35m[Appium][39m Deprecated server args:
[35m[Appium][39m   [31m--chromedriver-port[39m => --default-capabilities
[35m[Appium][39m Default capabilities, which will be added to each request unless overridden by desired capabilities:
[35m[Appium][39m   chromedriverPort: 54720
[35m[Appium][39m Appium REST http interface listener started on 0.0.0.0:54715
[35m[HTTP][39m [37m-->[39m [37mGET[39m [37m/wd/hub/status[39m
[35m[HTTP][39m [90m{}[39m
[35m[HTTP][39m [37m<-- GET /wd/hub/status [39m[32m200[39m [90m4 ms - 68[39m
[35m[HTTP][39m [90m[39m
[35m[HTTP][39m [37m-->[39m [37mGET[39m [37m/wd/hub/status[39m
[35m[HTTP][39m [90m{}[39m
[35m[HTTP][39m [37m<-- GET /wd/hub/status [39m[32m200[39m [90m1 ms - 68[39m
[35m[HTTP][39m [90m[39m
[35m[HTTP][39m [37m-->[39m [37mPOST[39m [37m/wd/hub/session[39m
[35m[HTTP][39m [90m{"desiredCapabilities":{"app":"D:\\Calculator_8.3 (477856174)_Apkpure.apk","noReset":true,"deviceName":"emulator-5554 (Android SDK built for x86 - Android 10)","fullReset":false,"platform":"ANDROID","newCommandTimeout":1800,"platformVersion":"10","automationName":"uiautomator2","autoGrantPermissions":true,"platformName":"Android","udid":"emulator-5554","systemPort":54732},"capabilities":{"firstMatch":[{"appium:app":"D:\\Calculator_8.3 (477856174)_Apkpure.apk","appium:autoGrantPermissions":true,"appium:automationName":"uiautomator2","appium:deviceName":"emulator-5554 (Android SDK built for x86 - Android 10)","appium:fullReset":false,"appium:newCommandTimeout":1800,"appium:noReset":true,"platform":"ANDROID","platformName":"android","appium:platformVersion":"10","appium:systemPort":54732,"appium:udid":"emulator-5554"}]}}[39m
[35m[BaseDriver][39m The following capabilities are not standard capabilities and should have an extension prefix:
[35m[BaseDriver][39m   platform
[35m[BaseDriver][39m   chromedriverPort
[35m[Appium][39m Appium v1.22.3 creating new AndroidUiautomator2Driver (v1.70.1) session
[35m[BaseDriver][39m The following capabilities were provided, but are not recognized by Appium:
[35m[BaseDriver][39m   platform
[35m[BaseDriver][39m Session created with session id: 58295284-430e-44dd-bac6-24cae8ae1f79
[35m[BaseDriver][39m Using local app 'D:\Calculator_8.3 (477856174)_Apkpure.apk'
[35m[ADB][39m Found 3 'build-tools' folders under 'C:\Users\fauza\AppData\Local\Android\Sdk' (newest first):
[35m[ADB][39m     C:/Users/fauza/AppData/Local/Android/Sdk/build-tools/32.1.0-rc1
[35m[ADB][39m     C:/Users/fauza/AppData/Local/Android/Sdk/build-tools/32.0.0
[35m[ADB][39m     C:/Users/fauza/AppData/Local/Android/Sdk/build-tools/30.0.3
[35m[ADB][39m Using 'adb.exe' from 'C:\Users\fauza\AppData\Local\Android\Sdk\platform-tools\adb.exe'
[35m[AndroidDriver][39m Retrieving device list
[35m[AndroidDriver][39m Using device: emulator-5554
[35m[ADB][39m Using 'adb.exe' from 'C:\Users\fauza\AppData\Local\Android\Sdk\platform-tools\adb.exe'
[35m[ADB][39m Getting device platform version
[35m[UiAutomator2][39m Relaxing hidden api policy
[35m[ADB][39m Package name: 'com.google.android.calculator'
[35m[ADB][39m Main activity name: 'com.android.calculator2.Calculator'
[35m[ADB][39m Using 'apksigner.jar' from 'C:\Users\fauza\AppData\Local\Android\Sdk\build-tools\32.1.0-rc1\lib\apksigner.jar'
[35m[ADB][39m 'C:\Users\fauza\AppData\Roaming\npm\node_modules\appium\node_modules\appium-uiautomator2-server\apks\appium-uiautomator2-server-v4.27.0.apk' is signed with the default certificate
[35m[ADB][39m 'C:\Users\fauza\AppData\Roaming\npm\node_modules\appium\node_modules\appium-uiautomator2-server\apks\appium-uiautomator2-server-debug-androidTest.apk' is signed with the default certificate
[35m[UiAutomator2][39m Server packages are not going to be (re)installed
[35m[ADB][39m Adding packages ["io.appium.settings","io.appium.uiautomator2.server","io.appium.uiautomator2.server.test"] to Doze whitelist
[35m[ADB][39m 'D:\Calculator_8.3 (477856174)_Apkpure.apk' is signed with the default certificate
[35m[ADB][39m The application at 'D:\Calculator_8.3 (477856174)_Apkpure.apk' will not be cached, because the device under test has confirmed the support of streamed installs
[35m[ADB][39m The installation of 'Calculator_8.3 (477856174)_Apkpure.apk' took 1110ms
[35m[UiAutomator2][39m Starting UIAutomator2 server 4.27.0
[35m[UiAutomator2][39m Using UIAutomator2 server from 'C:\Users\fauza\AppData\Roaming\npm\node_modules\appium\node_modules\appium-uiautomator2-server\apks\appium-uiautomator2-server-v4.27.0.apk' and test from 'C:\Users\fauza\AppData\Roaming\npm\node_modules\appium\node_modules\appium-uiautomator2-server\apks\appium-uiautomator2-server-debug-androidTest.apk'
[35m[UiAutomator2][39m Waiting up to 30000ms for UiAutomator2 to be online...
[35m[WD Proxy][39m socket hang up
[35m[WD Proxy][39m socket hang up
[35m[WD Proxy][39m Determined the downstream protocol as 'W3C'
[35m[AndroidDriver][39m Screen already unlocked, doing nothing
[35m[UiAutomator2][39m Starting 'com.google.android.calculator/com.android.calculator2.Calculator and waiting for 'com.google.android.calculator/com.android.calculator2.Calculator'
[35m[Appium][39m New AndroidUiautomator2Driver session created successfully, session 58295284-430e-44dd-bac6-24cae8ae1f79 added to master session list
[35m[HTTP][39m [37m<-- POST /wd/hub/session [39m[32m200[39m [90m6630 ms - 1297[39m
[35m[HTTP][39m [90m[39m
[35m[HTTP][39m [37m-->[39m [37mGET[39m [37m/wd/hub/session/58295284-430e-44dd-bac6-24cae8ae1f79[39m
[35m[HTTP][39m [90m{}[39m
[35m[HTTP][39m [37m<-- GET /wd/hub/session/58295284-430e-44dd-bac6-24cae8ae1f79 [39m[32m200[39m [90m9 ms - 1251[39m
[35m[HTTP][39m [90m[39m
[35m[HTTP][39m [37m-->[39m [37mGET[39m [37m/wd/hub/session/58295284-430e-44dd-bac6-24cae8ae1f79[39m
[35m[HTTP][39m [90m{}[39m
[35m[HTTP][39m [37m<-- GET /wd/hub/session/58295284-430e-44dd-bac6-24cae8ae1f79 [39m[32m200[39m [90m7 ms - 1251[39m
[35m[HTTP][39m [90m[39m
[35m[HTTP][39m [37m-->[39m [37mGET[39m [37m/wd/hub/status[39m
[35m[HTTP][39m [90m{}[39m
[35m[HTTP][39m [37m<-- GET /wd/hub/status [39m[32m200[39m [90m1 ms - 68[39m
[35m[HTTP][39m [90m[39m
[35m[HTTP][39m [37m-->[39m [37mPOST[39m [37m/wd/hub/session/58295284-430e-44dd-bac6-24cae8ae1f79/timeouts[39m
[35m[HTTP][39m [90m{"implicit":60000}[39m
[35m[HTTP][39m [37m<-- POST /wd/hub/session/58295284-430e-44dd-bac6-24cae8ae1f79/timeouts [39m[32m200[39m [90m2 ms - 14[39m
[35m[HTTP][39m [90m[39m
[35m[HTTP][39m [37m-->[39m [37mGET[39m [37m/wd/hub/session/58295284-430e-44dd-bac6-24cae8ae1f79/source[39m
[35m[HTTP][39m [90m{}[39m
[35m[W3C (58295284)][39m Driver proxy active, passing request on via HTTP proxy
[35m[WD Proxy][39m Replacing sessionId 8499eb9d-b9f4-4da1-82b7-533e0f5e7f70 with 58295284-430e-44dd-bac6-24cae8ae1f79
[35m[HTTP][39m [37m<-- GET /wd/hub/session/58295284-430e-44dd-bac6-24cae8ae1f79/source [39m[32m200[39m [90m789 ms - 20078[39m
[35m[HTTP][39m [90m[39m
[35m[HTTP][39m [37m-->[39m [37mGET[39m [37m/wd/hub/session/58295284-430e-44dd-bac6-24cae8ae1f79/screenshot[39m
[35m[HTTP][39m [90m{}[39m
[35m[HTTP][39m [37m<-- GET /wd/hub/session/58295284-430e-44dd-bac6-24cae8ae1f79/screenshot [39m[32m200[39m [90m226 ms - 170780[39m
[35m[HTTP][39m [90m[39m
[35m[HTTP][39m [37m-->[39m [37mPOST[39m [37m/wd/hub/session/58295284-430e-44dd-bac6-24cae8ae1f79/elements[39m
[35m[HTTP][39m [90m{"using":"xpath","value":"//*[@class = 'android.widget.ImageButton' and @resource-id = 'com.google.android.calculator:id/digit_8' and (@text = '' or . = '')]"}[39m
[35m[HTTP][39m [37m<-- POST /wd/hub/session/58295284-430e-44dd-bac6-24cae8ae1f79/elements [39m[32m200[39m [90m376 ms - 139[39m
[35m[HTTP][39m [90m[39m
[35m[HTTP][39m [37m-->[39m [37mGET[39m [37m/wd/hub/session/58295284-430e-44dd-bac6-24cae8ae1f79/window/rect[39m
[35m[HTTP][39m [90m{}[39m
[35m[HTTP][39m [37m<-- GET /wd/hub/session/58295284-430e-44dd-bac6-24cae8ae1f79/window/rect [39m[32m200[39m [90m14 ms - 50[39m
[35m[HTTP][39m [90m[39m
[35m[HTTP][39m [37m-->[39m [37mPOST[39m [37m/wd/hub/session/58295284-430e-44dd-bac6-24cae8ae1f79/elements[39m
[35m[HTTP][39m [90m{"using":"xpath","value":"//*[@class = 'android.widget.ImageButton' and @resource-id = 'com.google.android.calculator:id/digit_8' and (@text = '' or . = '')]"}[39m
[35m[HTTP][39m [37m<-- POST /wd/hub/session/58295284-430e-44dd-bac6-24cae8ae1f79/elements [39m[32m200[39m [90m64 ms - 139[39m
[35m[HTTP][39m [90m[39m
[35m[HTTP][39m [37m-->[39m [37mGET[39m [37m/wd/hub/session/58295284-430e-44dd-bac6-24cae8ae1f79/element/00000000-0000-0062-ffff-ffff0000005a/location[39m
[35m[HTTP][39m [90m{}[39m
[35m[W3C (58295284)][39m Driver proxy active, passing request on via HTTP proxy
[35m[WD Proxy][39m Replacing sessionId 8499eb9d-b9f4-4da1-82b7-533e0f5e7f70 with 58295284-430e-44dd-bac6-24cae8ae1f79
[35m[HTTP][39m [37m<-- GET /wd/hub/session/58295284-430e-44dd-bac6-24cae8ae1f79/element/00000000-0000-0062-ffff-ffff0000005a/location [39m[32m200[39m [90m13 ms - 79[39m
[35m[HTTP][39m [90m[39m
[35m[HTTP][39m [37m-->[39m [37mPOST[39m [37m/wd/hub/session/58295284-430e-44dd-bac6-24cae8ae1f79/element/00000000-0000-0062-ffff-ffff0000005a/click[39m
[35m[HTTP][39m [90m{"id":"00000000-0000-0062-ffff-ffff0000005a"}[39m
[35m[HTTP][39m [37m<-- POST /wd/hub/session/58295284-430e-44dd-bac6-24cae8ae1f79/element/00000000-0000-0062-ffff-ffff0000005a/click [39m[32m200[39m [90m623 ms - 14[39m
[35m[HTTP][39m [90m[39m
[35m[HTTP][39m [37m-->[39m [37mGET[39m [37m/wd/hub/session/58295284-430e-44dd-bac6-24cae8ae1f79/source[39m
[35m[HTTP][39m [90m{}[39m
[35m[W3C (58295284)][39m Driver proxy active, passing request on via HTTP proxy
[35m[WD Proxy][39m Replacing sessionId 8499eb9d-b9f4-4da1-82b7-533e0f5e7f70 with 58295284-430e-44dd-bac6-24cae8ae1f79
[35m[HTTP][39m [37m<-- GET /wd/hub/session/58295284-430e-44dd-bac6-24cae8ae1f79/source [39m[32m200[39m [90m93 ms - 20051[39m
[35m[HTTP][39m [90m[39m
[35m[HTTP][39m [37m-->[39m [37mGET[39m [37m/wd/hub/session/58295284-430e-44dd-bac6-24cae8ae1f79/screenshot[39m
[35m[HTTP][39m [90m{}[39m
[35m[HTTP][39m [37m<-- GET /wd/hub/session/58295284-430e-44dd-bac6-24cae8ae1f79/screenshot [39m[32m200[39m [90m211 ms - 172476[39m
[35m[HTTP][39m [90m[39m
[35m[HTTP][39m [37m-->[39m [37mPOST[39m [37m/wd/hub/session/58295284-430e-44dd-bac6-24cae8ae1f79/elements[39m
[35m[HTTP][39m [90m{"using":"xpath","value":"//*[@class = 'android.widget.ImageButton' and @resource-id = 'com.google.android.calculator:id/op_add' and (@text = '' or . = '')]"}[39m
[35m[HTTP][39m [37m<-- POST /wd/hub/session/58295284-430e-44dd-bac6-24cae8ae1f79/elements [39m[32m200[39m [90m54 ms - 139[39m
[35m[HTTP][39m [90m[39m
[35m[HTTP][39m [37m-->[39m [37mGET[39m [37m/wd/hub/session/58295284-430e-44dd-bac6-24cae8ae1f79/window/rect[39m
[35m[HTTP][39m [90m{}[39m
[35m[HTTP][39m [37m<-- GET /wd/hub/session/58295284-430e-44dd-bac6-24cae8ae1f79/window/rect [39m[32m200[39m [90m11 ms - 50[39m
[35m[HTTP][39m [90m[39m
[35m[HTTP][39m [37m-->[39m [37mPOST[39m [37m/wd/hub/session/58295284-430e-44dd-bac6-24cae8ae1f79/elements[39m
[35m[HTTP][39m [90m{"using":"xpath","value":"//*[@class = 'android.widget.ImageButton' and @resource-id = 'com.google.android.calculator:id/op_add' and (@text = '' or . = '')]"}[39m
[35m[HTTP][39m [37m<-- POST /wd/hub/session/58295284-430e-44dd-bac6-24cae8ae1f79/elements [39m[32m200[39m [90m53 ms - 139[39m
[35m[HTTP][39m [90m[39m
[35m[HTTP][39m [37m-->[39m [37mGET[39m [37m/wd/hub/session/58295284-430e-44dd-bac6-24cae8ae1f79/element/00000000-0000-0062-ffff-ffff00000064/location[39m
[35m[HTTP][39m [90m{}[39m
[35m[W3C (58295284)][39m Driver proxy active, passing request on via HTTP proxy
[35m[WD Proxy][39m Replacing sessionId 8499eb9d-b9f4-4da1-82b7-533e0f5e7f70 with 58295284-430e-44dd-bac6-24cae8ae1f79
[35m[HTTP][39m [37m<-- GET /wd/hub/session/58295284-430e-44dd-bac6-24cae8ae1f79/element/00000000-0000-0062-ffff-ffff00000064/location [39m[32m200[39m [90m9 ms - 79[39m
[35m[HTTP][39m [90m[39m
[35m[HTTP][39m [37m-->[39m [37mPOST[39m [37m/wd/hub/session/58295284-430e-44dd-bac6-24cae8ae1f79/element/00000000-0000-0062-ffff-ffff00000064/click[39m
[35m[HTTP][39m [90m{"id":"00000000-0000-0062-ffff-ffff00000064"}[39m
[35m[HTTP][39m [37m<-- POST /wd/hub/session/58295284-430e-44dd-bac6-24cae8ae1f79/element/00000000-0000-0062-ffff-ffff00000064/click [39m[32m200[39m [90m559 ms - 14[39m
[35m[HTTP][39m [90m[39m
[35m[HTTP][39m [37m-->[39m [37mGET[39m [37m/wd/hub/session/58295284-430e-44dd-bac6-24cae8ae1f79/source[39m
[35m[HTTP][39m [90m{}[39m
[35m[W3C (58295284)][39m Driver proxy active, passing request on via HTTP proxy
[35m[WD Proxy][39m Replacing sessionId 8499eb9d-b9f4-4da1-82b7-533e0f5e7f70 with 58295284-430e-44dd-bac6-24cae8ae1f79
[35m[HTTP][39m [37m<-- GET /wd/hub/session/58295284-430e-44dd-bac6-24cae8ae1f79/source [39m[32m200[39m [90m90 ms - 20052[39m
[35m[HTTP][39m [90m[39m
[35m[HTTP][39m [37m-->[39m [37mGET[39m [37m/wd/hub/session/58295284-430e-44dd-bac6-24cae8ae1f79/screenshot[39m
[35m[HTTP][39m [90m{}[39m
[35m[HTTP][39m [37m<-- GET /wd/hub/session/58295284-430e-44dd-bac6-24cae8ae1f79/screenshot [39m[32m200[39m [90m198 ms - 173026[39m
[35m[HTTP][39m [90m[39m
[35m[HTTP][39m [37m-->[39m [37mPOST[39m [37m/wd/hub/session/58295284-430e-44dd-bac6-24cae8ae1f79/elements[39m
[35m[HTTP][39m [90m{"using":"xpath","value":"//*[@class = 'android.widget.ImageButton' and @resource-id = 'com.google.android.calculator:id/digit_2' and (@text = '' or . = '')]"}[39m
[35m[HTTP][39m [37m<-- POST /wd/hub/session/58295284-430e-44dd-bac6-24cae8ae1f79/elements [39m[32m200[39m [90m67 ms - 139[39m
[35m[HTTP][39m [90m[39m
[35m[HTTP][39m [37m-->[39m [37mGET[39m [37m/wd/hub/session/58295284-430e-44dd-bac6-24cae8ae1f79/window/rect[39m
[35m[HTTP][39m [90m{}[39m
[35m[HTTP][39m [37m<-- GET /wd/hub/session/58295284-430e-44dd-bac6-24cae8ae1f79/window/rect [39m[32m200[39m [90m7 ms - 50[39m
[35m[HTTP][39m [90m[39m
[35m[HTTP][39m [37m-->[39m [37mPOST[39m [37m/wd/hub/session/58295284-430e-44dd-bac6-24cae8ae1f79/elements[39m
[35m[HTTP][39m [90m{"using":"xpath","value":"//*[@class = 'android.widget.ImageButton' and @resource-id = 'com.google.android.calculator:id/digit_2' and (@text = '' or . = '')]"}[39m
[35m[HTTP][39m [37m<-- POST /wd/hub/session/58295284-430e-44dd-bac6-24cae8ae1f79/elements [39m[32m200[39m [90m93 ms - 139[39m
[35m[HTTP][39m [90m[39m
[35m[HTTP][39m [37m-->[39m [37mGET[39m [37m/wd/hub/session/58295284-430e-44dd-bac6-24cae8ae1f79/element/00000000-0000-0062-ffff-ffff00000062/location[39m
[35m[HTTP][39m [90m{}[39m
[35m[W3C (58295284)][39m Driver proxy active, passing request on via HTTP proxy
[35m[WD Proxy][39m Replacing sessionId 8499eb9d-b9f4-4da1-82b7-533e0f5e7f70 with 58295284-430e-44dd-bac6-24cae8ae1f79
[35m[HTTP][39m [37m<-- GET /wd/hub/session/58295284-430e-44dd-bac6-24cae8ae1f79/element/00000000-0000-0062-ffff-ffff00000062/location [39m[32m200[39m [90m8 ms - 79[39m
[35m[HTTP][39m [90m[39m
[35m[HTTP][39m [37m-->[39m [37mPOST[39m [37m/wd/hub/session/58295284-430e-44dd-bac6-24cae8ae1f79/element/00000000-0000-0062-ffff-ffff00000062/click[39m
[35m[HTTP][39m [90m{"id":"00000000-0000-0062-ffff-ffff00000062"}[39m
[35m[HTTP][39m [37m<-- POST /wd/hub/session/58295284-430e-44dd-bac6-24cae8ae1f79/element/00000000-0000-0062-ffff-ffff00000062/click [39m[32m200[39m [90m645 ms - 14[39m
[35m[HTTP][39m [90m[39m
[35m[HTTP][39m [37m-->[39m [37mGET[39m [37m/wd/hub/session/58295284-430e-44dd-bac6-24cae8ae1f79/source[39m
[35m[HTTP][39m [90m{}[39m
[35m[W3C (58295284)][39m Driver proxy active, passing request on via HTTP proxy
[35m[WD Proxy][39m Replacing sessionId 8499eb9d-b9f4-4da1-82b7-533e0f5e7f70 with 58295284-430e-44dd-bac6-24cae8ae1f79
[35m[HTTP][39m [37m<-- GET /wd/hub/session/58295284-430e-44dd-bac6-24cae8ae1f79/source [39m[32m200[39m [90m74 ms - 20027[39m
[35m[HTTP][39m [90m[39m
[35m[HTTP][39m [37m-->[39m [37mGET[39m [37m/wd/hub/session/58295284-430e-44dd-bac6-24cae8ae1f79/screenshot[39m
[35m[HTTP][39m [90m{}[39m
[35m[HTTP][39m [37m<-- GET /wd/hub/session/58295284-430e-44dd-bac6-24cae8ae1f79/screenshot [39m[32m200[39m [90m202 ms - 182446[39m
[35m[HTTP][39m [90m[39m
[35m[HTTP][39m [37m-->[39m [37mPOST[39m [37m/wd/hub/session/58295284-430e-44dd-bac6-24cae8ae1f79/elements[39m
[35m[HTTP][39m [90m{"using":"xpath","value":"//*[@class = 'android.widget.ImageButton' and @resource-id = 'com.google.android.calculator:id/eq' and (@text = '' or . = '')]"}[39m
[35m[HTTP][39m [37m<-- POST /wd/hub/session/58295284-430e-44dd-bac6-24cae8ae1f79/elements [39m[32m200[39m [90m44 ms - 139[39m
[35m[HTTP][39m [90m[39m
[35m[HTTP][39m [37m-->[39m [37mGET[39m [37m/wd/hub/session/58295284-430e-44dd-bac6-24cae8ae1f79/window/rect[39m
[35m[HTTP][39m [90m{}[39m
[35m[HTTP][39m [37m<-- GET /wd/hub/session/58295284-430e-44dd-bac6-24cae8ae1f79/window/rect [39m[32m200[39m [90m9 ms - 50[39m
[35m[HTTP][39m [90m[39m
[35m[HTTP][39m [37m-->[39m [37mPOST[39m [37m/wd/hub/session/58295284-430e-44dd-bac6-24cae8ae1f79/elements[39m
[35m[HTTP][39m [90m{"using":"xpath","value":"//*[@class = 'android.widget.ImageButton' and @resource-id = 'com.google.android.calculator:id/eq' and (@text = '' or . = '')]"}[39m
[35m[HTTP][39m [37m<-- POST /wd/hub/session/58295284-430e-44dd-bac6-24cae8ae1f79/elements [39m[32m200[39m [90m44 ms - 139[39m
[35m[HTTP][39m [90m[39m
[35m[HTTP][39m [37m-->[39m [37mGET[39m [37m/wd/hub/session/58295284-430e-44dd-bac6-24cae8ae1f79/element/00000000-0000-0062-ffff-ffff00000068/location[39m
[35m[HTTP][39m [90m{}[39m
[35m[W3C (58295284)][39m Driver proxy active, passing request on via HTTP proxy
[35m[WD Proxy][39m Replacing sessionId 8499eb9d-b9f4-4da1-82b7-533e0f5e7f70 with 58295284-430e-44dd-bac6-24cae8ae1f79
[35m[HTTP][39m [37m<-- GET /wd/hub/session/58295284-430e-44dd-bac6-24cae8ae1f79/element/00000000-0000-0062-ffff-ffff00000068/location [39m[32m200[39m [90m12 ms - 79[39m
[35m[HTTP][39m [90m[39m
[35m[HTTP][39m [37m-->[39m [37mPOST[39m [37m/wd/hub/session/58295284-430e-44dd-bac6-24cae8ae1f79/element/00000000-0000-0062-ffff-ffff00000068/click[39m
[35m[HTTP][39m [90m{"id":"00000000-0000-0062-ffff-ffff00000068"}[39m
[35m[HTTP][39m [37m<-- POST /wd/hub/session/58295284-430e-44dd-bac6-24cae8ae1f79/element/00000000-0000-0062-ffff-ffff00000068/click [39m[32m200[39m [90m839 ms - 14[39m
[35m[HTTP][39m [90m[39m
[35m[HTTP][39m [37m-->[39m [37mGET[39m [37m/wd/hub/session/58295284-430e-44dd-bac6-24cae8ae1f79/source[39m
[35m[HTTP][39m [90m{}[39m
[35m[W3C (58295284)][39m Driver proxy active, passing request on via HTTP proxy
[35m[WD Proxy][39m Replacing sessionId 8499eb9d-b9f4-4da1-82b7-533e0f5e7f70 with 58295284-430e-44dd-bac6-24cae8ae1f79
[35m[HTTP][39m [37m<-- GET /wd/hub/session/58295284-430e-44dd-bac6-24cae8ae1f79/source [39m[32m200[39m [90m43 ms - 18985[39m
[35m[HTTP][39m [90m[39m
[35m[HTTP][39m [37m-->[39m [37mGET[39m [37m/wd/hub/session/58295284-430e-44dd-bac6-24cae8ae1f79/screenshot[39m
[35m[HTTP][39m [90m{}[39m
[35m[HTTP][39m [37m<-- GET /wd/hub/session/58295284-430e-44dd-bac6-24cae8ae1f79/screenshot [39m[32m200[39m [90m194 ms - 172118[39m
[35m[HTTP][39m [90m[39m
[35m[HTTP][39m [37m-->[39m [37mPOST[39m [37m/wd/hub/session/58295284-430e-44dd-bac6-24cae8ae1f79/elements[39m
[35m[HTTP][39m [90m{"using":"xpath","value":"//*[@class = 'android.widget.TextView' and (@text = '10' or . = '10') and @resource-id = 'com.google.android.calculator:id/result_final']"}[39m
[35m[HTTP][39m [37m<-- POST /wd/hub/session/58295284-430e-44dd-bac6-24cae8ae1f79/elements [39m[32m200[39m [90m34 ms - 139[39m
[35m[HTTP][39m [90m[39m
[35m[HTTP][39m [37m-->[39m [37mGET[39m [37m/wd/hub/session/58295284-430e-44dd-bac6-24cae8ae1f79/window/rect[39m
[35m[HTTP][39m [90m{}[39m
[35m[HTTP][39m [37m<-- GET /wd/hub/session/58295284-430e-44dd-bac6-24cae8ae1f79/window/rect [39m[32m200[39m [90m7 ms - 50[39m
[35m[HTTP][39m [90m[39m
[35m[HTTP][39m [37m-->[39m [37mPOST[39m [37m/wd/hub/session/58295284-430e-44dd-bac6-24cae8ae1f79/elements[39m
[35m[HTTP][39m [90m{"using":"xpath","value":"//*[@class = 'android.widget.TextView' and (@text = '10' or . = '10') and @resource-id = 'com.google.android.calculator:id/result_final']"}[39m
[35m[HTTP][39m [37m<-- POST /wd/hub/session/58295284-430e-44dd-bac6-24cae8ae1f79/elements [39m[32m200[39m [90m54 ms - 139[39m
[35m[HTTP][39m [90m[39m
[35m[HTTP][39m [37m-->[39m [37mGET[39m [37m/wd/hub/session/58295284-430e-44dd-bac6-24cae8ae1f79/element/00000000-0000-0062-ffff-ffff00000021/location[39m
[35m[HTTP][39m [90m{}[39m
[35m[W3C (58295284)][39m Driver proxy active, passing request on via HTTP proxy
[35m[WD Proxy][39m Replacing sessionId 8499eb9d-b9f4-4da1-82b7-533e0f5e7f70 with 58295284-430e-44dd-bac6-24cae8ae1f79
[35m[HTTP][39m [37m<-- GET /wd/hub/session/58295284-430e-44dd-bac6-24cae8ae1f79/element/00000000-0000-0062-ffff-ffff00000021/location [39m[32m200[39m [90m15 ms - 76[39m
[35m[HTTP][39m [90m[39m
[35m[HTTP][39m [37m-->[39m [37mGET[39m [37m/wd/hub/session/58295284-430e-44dd-bac6-24cae8ae1f79/element/00000000-0000-0062-ffff-ffff00000021/text[39m
[35m[HTTP][39m [90m{}[39m
[35m[W3C (58295284)][39m Driver proxy active, passing request on via HTTP proxy
[35m[WD Proxy][39m Replacing sessionId 8499eb9d-b9f4-4da1-82b7-533e0f5e7f70 with 58295284-430e-44dd-bac6-24cae8ae1f79
[35m[HTTP][39m [37m<-- GET /wd/hub/session/58295284-430e-44dd-bac6-24cae8ae1f79/element/00000000-0000-0062-ffff-ffff00000021/text [39m[32m200[39m [90m8 ms - 65[39m
[35m[HTTP][39m [90m[39m
[35m[HTTP][39m [37m-->[39m [37mGET[39m [37m/wd/hub/session/58295284-430e-44dd-bac6-24cae8ae1f79/source[39m
[35m[HTTP][39m [90m{}[39m
[35m[W3C (58295284)][39m Driver proxy active, passing request on via HTTP proxy
[35m[WD Proxy][39m Replacing sessionId 8499eb9d-b9f4-4da1-82b7-533e0f5e7f70 with 58295284-430e-44dd-bac6-24cae8ae1f79
[35m[HTTP][39m [37m<-- GET /wd/hub/session/58295284-430e-44dd-bac6-24cae8ae1f79/source [39m[32m200[39m [90m46 ms - 18985[39m
[35m[HTTP][39m [90m[39m
[35m[HTTP][39m [37m-->[39m [37mGET[39m [37m/wd/hub/session/58295284-430e-44dd-bac6-24cae8ae1f79/screenshot[39m
[35m[HTTP][39m [90m{}[39m
[35m[HTTP][39m [37m<-- GET /wd/hub/session/58295284-430e-44dd-bac6-24cae8ae1f79/screenshot [39m[32m200[39m [90m190 ms - 172118[39m
[35m[HTTP][39m [90m[39m
[35m[HTTP][39m [37m-->[39m [37mPOST[39m [37m/wd/hub/session/58295284-430e-44dd-bac6-24cae8ae1f79/elements[39m
[35m[HTTP][39m [90m{"using":"xpath","value":"//*[@class = 'android.widget.ImageButton' and @resource-id = 'com.google.android.calculator:id/op_sub' and (@text = '' or . = '')]"}[39m
[35m[HTTP][39m [37m<-- POST /wd/hub/session/58295284-430e-44dd-bac6-24cae8ae1f79/elements [39m[32m200[39m [90m31 ms - 139[39m
[35m[HTTP][39m [90m[39m
[35m[HTTP][39m [37m-->[39m [37mGET[39m [37m/wd/hub/session/58295284-430e-44dd-bac6-24cae8ae1f79/window/rect[39m
[35m[HTTP][39m [90m{}[39m
[35m[HTTP][39m [37m<-- GET /wd/hub/session/58295284-430e-44dd-bac6-24cae8ae1f79/window/rect [39m[32m200[39m [90m7 ms - 50[39m
[35m[HTTP][39m [90m[39m
[35m[HTTP][39m [37m-->[39m [37mPOST[39m [37m/wd/hub/session/58295284-430e-44dd-bac6-24cae8ae1f79/elements[39m
[35m[HTTP][39m [90m{"using":"xpath","value":"//*[@class = 'android.widget.ImageButton' and @resource-id = 'com.google.android.calculator:id/op_sub' and (@text = '' or . = '')]"}[39m
[35m[HTTP][39m [37m<-- POST /wd/hub/session/58295284-430e-44dd-bac6-24cae8ae1f79/elements [39m[32m200[39m [90m31 ms - 139[39m
[35m[HTTP][39m [90m[39m
[35m[HTTP][39m [37m-->[39m [37mGET[39m [37m/wd/hub/session/58295284-430e-44dd-bac6-24cae8ae1f79/element/00000000-0000-0062-ffff-ffff00000060/location[39m
[35m[HTTP][39m [90m{}[39m
[35m[W3C (58295284)][39m Driver proxy active, passing request on via HTTP proxy
[35m[WD Proxy][39m Replacing sessionId 8499eb9d-b9f4-4da1-82b7-533e0f5e7f70 with 58295284-430e-44dd-bac6-24cae8ae1f79
[35m[HTTP][39m [37m<-- GET /wd/hub/session/58295284-430e-44dd-bac6-24cae8ae1f79/element/00000000-0000-0062-ffff-ffff00000060/location [39m[32m200[39m [90m7 ms - 79[39m
[35m[HTTP][39m [90m[39m
[35m[HTTP][39m [37m-->[39m [37mPOST[39m [37m/wd/hub/session/58295284-430e-44dd-bac6-24cae8ae1f79/element/00000000-0000-0062-ffff-ffff00000060/click[39m
[35m[HTTP][39m [90m{"id":"00000000-0000-0062-ffff-ffff00000060"}[39m
[35m[HTTP][39m [37m<-- POST /wd/hub/session/58295284-430e-44dd-bac6-24cae8ae1f79/element/00000000-0000-0062-ffff-ffff00000060/click [39m[32m200[39m [90m559 ms - 14[39m
[35m[HTTP][39m [90m[39m
[35m[HTTP][39m [37m-->[39m [37mGET[39m [37m/wd/hub/session/58295284-430e-44dd-bac6-24cae8ae1f79/source[39m
[35m[HTTP][39m [90m{}[39m
[35m[W3C (58295284)][39m Driver proxy active, passing request on via HTTP proxy
[35m[WD Proxy][39m Replacing sessionId 8499eb9d-b9f4-4da1-82b7-533e0f5e7f70 with 58295284-430e-44dd-bac6-24cae8ae1f79
[35m[HTTP][39m [37m<-- GET /wd/hub/session/58295284-430e-44dd-bac6-24cae8ae1f79/source [39m[32m200[39m [90m70 ms - 20055[39m
[35m[HTTP][39m [90m[39m
[35m[HTTP][39m [37m-->[39m [37mGET[39m [37m/wd/hub/session/58295284-430e-44dd-bac6-24cae8ae1f79/screenshot[39m
[35m[HTTP][39m [90m{}[39m
[35m[HTTP][39m [37m<-- GET /wd/hub/session/58295284-430e-44dd-bac6-24cae8ae1f79/screenshot [39m[32m200[39m [90m195 ms - 172578[39m
[35m[HTTP][39m [90m[39m
[35m[HTTP][39m [37m-->[39m [37mPOST[39m [37m/wd/hub/session/58295284-430e-44dd-bac6-24cae8ae1f79/elements[39m
[35m[HTTP][39m [90m{"using":"xpath","value":"//*[@class = 'android.widget.ImageButton' and @resource-id = 'com.google.android.calculator:id/op_mul' and (@text = '' or . = '')]"}[39m
[35m[HTTP][39m [37m<-- POST /wd/hub/session/58295284-430e-44dd-bac6-24cae8ae1f79/elements [39m[32m200[39m [90m51 ms - 139[39m
[35m[HTTP][39m [90m[39m
[35m[HTTP][39m [37m-->[39m [37mGET[39m [37m/wd/hub/session/58295284-430e-44dd-bac6-24cae8ae1f79/window/rect[39m
[35m[HTTP][39m [90m{}[39m
[35m[HTTP][39m [37m<-- GET /wd/hub/session/58295284-430e-44dd-bac6-24cae8ae1f79/window/rect [39m[32m200[39m [90m7 ms - 50[39m
[35m[HTTP][39m [90m[39m
[35m[HTTP][39m [37m-->[39m [37mPOST[39m [37m/wd/hub/session/58295284-430e-44dd-bac6-24cae8ae1f79/elements[39m
[35m[HTTP][39m [90m{"using":"xpath","value":"//*[@class = 'android.widget.ImageButton' and @resource-id = 'com.google.android.calculator:id/op_mul' and (@text = '' or . = '')]"}[39m
[35m[HTTP][39m [37m<-- POST /wd/hub/session/58295284-430e-44dd-bac6-24cae8ae1f79/elements [39m[32m200[39m [90m34 ms - 139[39m
[35m[HTTP][39m [90m[39m
[35m[HTTP][39m [37m-->[39m [37mGET[39m [37m/wd/hub/session/58295284-430e-44dd-bac6-24cae8ae1f79/element/00000000-0000-0062-ffff-ffff0000005c/location[39m
[35m[HTTP][39m [90m{}[39m
[35m[W3C (58295284)][39m Driver proxy active, passing request on via HTTP proxy
[35m[WD Proxy][39m Replacing sessionId 8499eb9d-b9f4-4da1-82b7-533e0f5e7f70 with 58295284-430e-44dd-bac6-24cae8ae1f79
[35m[HTTP][39m [37m<-- GET /wd/hub/session/58295284-430e-44dd-bac6-24cae8ae1f79/element/00000000-0000-0062-ffff-ffff0000005c/location [39m[32m200[39m [90m9 ms - 79[39m
[35m[HTTP][39m [90m[39m
[35m[HTTP][39m [37m-->[39m [37mPOST[39m [37m/wd/hub/session/58295284-430e-44dd-bac6-24cae8ae1f79/element/00000000-0000-0062-ffff-ffff0000005c/click[39m
[35m[HTTP][39m [90m{"id":"00000000-0000-0062-ffff-ffff0000005c"}[39m
[35m[HTTP][39m [37m<-- POST /wd/hub/session/58295284-430e-44dd-bac6-24cae8ae1f79/element/00000000-0000-0062-ffff-ffff0000005c/click [39m[32m200[39m [90m537 ms - 14[39m
[35m[HTTP][39m [90m[39m
[35m[HTTP][39m [37m-->[39m [37mGET[39m [37m/wd/hub/session/58295284-430e-44dd-bac6-24cae8ae1f79/source[39m
[35m[HTTP][39m [90m{}[39m
[35m[W3C (58295284)][39m Driver proxy active, passing request on via HTTP proxy
[35m[WD Proxy][39m Replacing sessionId 8499eb9d-b9f4-4da1-82b7-533e0f5e7f70 with 58295284-430e-44dd-bac6-24cae8ae1f79
[35m[HTTP][39m [37m<-- GET /wd/hub/session/58295284-430e-44dd-bac6-24cae8ae1f79/source [39m[32m200[39m [90m70 ms - 20054[39m
[35m[HTTP][39m [90m[39m
[35m[HTTP][39m [37m-->[39m [37mGET[39m [37m/wd/hub/session/58295284-430e-44dd-bac6-24cae8ae1f79/screenshot[39m
[35m[HTTP][39m [90m{}[39m
[35m[HTTP][39m [37m<-- GET /wd/hub/session/58295284-430e-44dd-bac6-24cae8ae1f79/screenshot [39m[32m200[39m [90m200 ms - 177306[39m
[35m[HTTP][39m [90m[39m
[35m[HTTP][39m [37m-->[39m [37mPOST[39m [37m/wd/hub/session/58295284-430e-44dd-bac6-24cae8ae1f79/elements[39m
[35m[HTTP][39m [90m{"using":"xpath","value":"//*[@class = 'android.widget.ImageButton' and @resource-id = 'com.google.android.calculator:id/op_div' and (@text = '' or . = '')]"}[39m
[35m[HTTP][39m [37m<-- POST /wd/hub/session/58295284-430e-44dd-bac6-24cae8ae1f79/elements [39m[32m200[39m [90m38 ms - 139[39m
[35m[HTTP][39m [90m[39m
[35m[HTTP][39m [37m-->[39m [37mGET[39m [37m/wd/hub/session/58295284-430e-44dd-bac6-24cae8ae1f79/window/rect[39m
[35m[HTTP][39m [90m{}[39m
[35m[HTTP][39m [37m<-- GET /wd/hub/session/58295284-430e-44dd-bac6-24cae8ae1f79/window/rect [39m[32m200[39m [90m7 ms - 50[39m
[35m[HTTP][39m [90m[39m
[35m[HTTP][39m [37m-->[39m [37mPOST[39m [37m/wd/hub/session/58295284-430e-44dd-bac6-24cae8ae1f79/elements[39m
[35m[HTTP][39m [90m{"using":"xpath","value":"//*[@class = 'android.widget.ImageButton' and @resource-id = 'com.google.android.calculator:id/op_div' and (@text = '' or . = '')]"}[39m
[35m[HTTP][39m [37m<-- POST /wd/hub/session/58295284-430e-44dd-bac6-24cae8ae1f79/elements [39m[32m200[39m [90m51 ms - 139[39m
[35m[HTTP][39m [90m[39m
[35m[HTTP][39m [37m-->[39m [37mGET[39m [37m/wd/hub/session/58295284-430e-44dd-bac6-24cae8ae1f79/element/00000000-0000-0062-ffff-ffff00000058/location[39m
[35m[HTTP][39m [90m{}[39m
[35m[W3C (58295284)][39m Driver proxy active, passing request on via HTTP proxy
[35m[WD Proxy][39m Replacing sessionId 8499eb9d-b9f4-4da1-82b7-533e0f5e7f70 with 58295284-430e-44dd-bac6-24cae8ae1f79
[35m[HTTP][39m [37m<-- GET /wd/hub/session/58295284-430e-44dd-bac6-24cae8ae1f79/element/00000000-0000-0062-ffff-ffff00000058/location [39m[32m200[39m [90m10 ms - 78[39m
[35m[HTTP][39m [90m[39m
[35m[HTTP][39m [37m-->[39m [37mPOST[39m [37m/wd/hub/session/58295284-430e-44dd-bac6-24cae8ae1f79/element/00000000-0000-0062-ffff-ffff00000058/click[39m
[35m[HTTP][39m [90m{"id":"00000000-0000-0062-ffff-ffff00000058"}[39m
[35m[HTTP][39m [37m<-- POST /wd/hub/session/58295284-430e-44dd-bac6-24cae8ae1f79/element/00000000-0000-0062-ffff-ffff00000058/click [39m[32m200[39m [90m553 ms - 14[39m
[35m[HTTP][39m [90m[39m
[35m[HTTP][39m [37m-->[39m [37mGET[39m [37m/wd/hub/session/58295284-430e-44dd-bac6-24cae8ae1f79/source[39m
[35m[HTTP][39m [90m{}[39m
[35m[W3C (58295284)][39m Driver proxy active, passing request on via HTTP proxy
[35m[WD Proxy][39m Replacing sessionId 8499eb9d-b9f4-4da1-82b7-533e0f5e7f70 with 58295284-430e-44dd-bac6-24cae8ae1f79
[35m[HTTP][39m [37m<-- GET /wd/hub/session/58295284-430e-44dd-bac6-24cae8ae1f79/source [39m[32m200[39m [90m52 ms - 20054[39m
[35m[HTTP][39m [90m[39m
[35m[HTTP][39m [37m-->[39m [37mGET[39m [37m/wd/hub/session/58295284-430e-44dd-bac6-24cae8ae1f79/screenshot[39m
[35m[HTTP][39m [90m{}[39m
[35m[HTTP][39m [37m<-- GET /wd/hub/session/58295284-430e-44dd-bac6-24cae8ae1f79/screenshot [39m[32m200[39m [90m194 ms - 174512[39m
[35m[HTTP][39m [90m[39m
[35m[HTTP][39m [37m-->[39m [37mDELETE[39m [37m/wd/hub/session/58295284-430e-44dd-bac6-24cae8ae1f79[39m
[35m[HTTP][39m [90m{}[39m
[35m[Appium][39m Removing session 58295284-430e-44dd-bac6-24cae8ae1f79 from our master session list
[35m[UiAutomator2][39m Restoring hidden api policy to the device default configuration
[35m[HTTP][39m [37m<-- DELETE /wd/hub/session/58295284-430e-44dd-bac6-24cae8ae1f79 [39m[32m200[39m [90m282 ms - 14[39m
[35m[HTTP][39m [90m[39m
